<?xml version="1.0" encoding="UTF-8"?>
<!-- Generated by org.testng.reporters.JUnitReportReporter -->
<testsuite skipped="0" hostname="Eshas-MacBook-Pro.local" name="com.mavenproject.GoogleNameSearch.MyName" tests="1" failures="0" timestamp="23 Mar 2017 05:27:46 GMT" time="7.096" errors="0">
  <testcase name="testCase" time="7.096" classname="com.mavenproject.GoogleNameSearch.MyName"/>
</testsuite> <!-- com.mavenproject.GoogleNameSearch.MyName -->
