<?xml version="1.0" encoding="UTF-8"?>
<!-- Generated by org.testng.reporters.JUnitReportReporter -->
<testsuite skipped="0" hostname="Eshas-MacBook-Pro.local" name="testWebDriver.MyName" tests="3" failures="0" timestamp="20 Mar 2017 12:45:22 GMT" time="5.818" errors="0">
  <testcase name="OpenTestng" time="1.135" classname="testWebDriver.MyName"/>
  <testcase name="google" time="4.468" classname="testWebDriver.MyName"/>
  <testcase name="automatename" time="0.215" classname="testWebDriver.MyName"/>
</testsuite> <!-- testWebDriver.MyName -->
